\BOOKMARK [1][-]{section.1}{\376\377\000S\000e\000t\000\040\000T\000h\000e\000o\000r\000y}{}% 1
\BOOKMARK [2][-]{subsection.1.1}{\376\377\000E\000l\000e\000m\000e\000n\000t\000s\000\040\000o\000f\000\040\000S\000e\000t\000\040\000T\000h\000e\000o\000r\000y}{section.1}% 2
\BOOKMARK [2][-]{subsection.1.2}{\376\377\000F\000u\000n\000c\000t\000i\000o\000n\000s\000\040\000b\000e\000t\000w\000e\000e\000n\000\040\000S\000e\000t\000s}{section.1}% 3
\BOOKMARK [3][-]{subsubsection.1.2.1}{\376\377\000M\000a\000p\000p\000i\000n\000g\000s\000,\000\040\000F\000u\000n\000c\000t\000i\000o\000n\000s}{subsection.1.2}% 4
\BOOKMARK [3][-]{subsubsection.1.2.2}{\376\377\000E\000q\000u\000i\000v\000a\000l\000e\000n\000c\000e\000\040\000R\000e\000l\000a\000t\000i\000o\000n\000s}{subsection.1.2}% 5
\BOOKMARK [3][-]{subsubsection.1.2.3}{\376\377\000C\000a\000r\000d\000i\000n\000a\000l\000s\000,\000\040\000C\000o\000u\000n\000t\000a\000b\000l\000e\000\040\000S\000e\000t\000s}{subsection.1.2}% 6
\BOOKMARK [2][-]{subsection.1.3}{\376\377\000S\000t\000a\000n\000d\000a\000r\000d\000\040\000E\000q\000u\000i\000v\000a\000l\000e\000n\000c\000e\000s}{section.1}% 7
\BOOKMARK [3][-]{subsubsection.1.3.1}{\376\377\000I\000m\000p\000o\000r\000t\000a\000n\000t\000\040\000E\000x\000a\000m\000p\000l\000e\000s}{subsection.1.3}% 8
\BOOKMARK [3][-]{subsubsection.1.3.2}{\376\377\000C\000o\000n\000t\000i\000n\000u\000a\000l\000\040\000S\000e\000t\000s\000,\000\040\000C\000a\000n\000t\000o\000r\000'\000s\000\040\000T\000h\000e\000o\000r\000e\000m}{subsection.1.3}% 9
\BOOKMARK [2][-]{subsection.1.4}{\376\377\000C\000o\000m\000p\000a\000r\000i\000n\000g\000\040\000C\000a\000r\000d\000i\000n\000a\000l\000s}{section.1}% 10
\BOOKMARK [3][-]{subsubsection.1.4.1}{\376\377\000O\000r\000d\000e\000r\000e\000d\000\040\000S\000e\000t\000s}{subsection.1.4}% 11
\BOOKMARK [3][-]{subsubsection.1.4.2}{\376\377\000Z\000e\000r\000m\000e\000l\000o\000'\000s\000\040\000t\000h\000e\000o\000r\000e\000m\000,\000\040\000C\000a\000n\000t\000o\000r\000-\000B\000e\000r\000n\000s\000h\000t\000a\000i\000n\000\040\000T\000h\000e\000o\000r\000e\000m}{subsection.1.4}% 12
\BOOKMARK [2][-]{subsection.1.5}{\376\377\000C\000o\000n\000t\000i\000n\000u\000u\000m\000\040\000H\000y\000p\000o\000t\000h\000e\000s\000i\000s\000\040\000a\000n\000d\000\040\000E\000x\000e\000r\000c\000i\000s\000e\000s}{section.1}% 13
\BOOKMARK [3][-]{subsubsection.1.5.1}{\376\377\000C\000o\000n\000t\000i\000n\000u\000u\000m\000\040\000H\000y\000p\000o\000t\000h\000e\000s\000i\000s}{subsection.1.5}% 14
\BOOKMARK [3][-]{subsubsection.1.5.2}{\376\377\000A\000\040\000F\000e\000w\000\040\000E\000x\000e\000r\000c\000i\000s\000e\000s}{subsection.1.5}% 15
\BOOKMARK [2][-]{subsection.1.6}{\376\377\000A\000x\000i\000o\000m\000\040\000o\000f\000\040\000C\000h\000o\000i\000c\000e\000\040\000a\000n\000d\000\040\000Z\000o\000r\000n\000'\000s\000\040\000L\000e\000m\000m\000a}{section.1}% 16
\BOOKMARK [1][-]{section.2}{\376\377\000M\000e\000t\000r\000i\000c\000\040\000S\000p\000a\000c\000e}{}% 17
\BOOKMARK [2][-]{subsection.2.1}{\376\377\000M\000e\000t\000r\000i\000c\000\040\000S\000p\000a\000c\000e\000\040\000a\000n\000d\000\040\000N\000o\000r\000m\000e\000d\000\040\000S\000p\000a\000c\000e}{section.2}% 18
\BOOKMARK [2][-]{subsection.2.2}{\376\377\000T\000o\000p\000o\000l\000o\000g\000y\000\040\000o\000f\000\040\000M\000e\000t\000r\000i\000c\000\040\000S\000p\000a\000c\000e\000s}{section.2}% 19
\BOOKMARK [2][-]{subsection.2.3}{\376\377\000C\000o\000n\000t\000i\000n\000u\000o\000u\000s\000\040\000M\000a\000p}{section.2}% 20
\BOOKMARK [2][-]{subsection.2.4}{\376\377\000C\000o\000m\000p\000a\000c\000t\000n\000e\000s\000s}{section.2}% 21
\BOOKMARK [3][-]{subsubsection.2.4.1}{\376\377\000C\000o\000m\000p\000a\000c\000t\000\040\000S\000e\000t\000s}{subsection.2.4}% 22
\BOOKMARK [3][-]{subsubsection.2.4.2}{\376\377\000S\000e\000q\000u\000e\000n\000t\000i\000a\000l\000\040\000C\000o\000m\000p\000a\000c\000t\000n\000e\000s\000s}{subsection.2.4}% 23
\BOOKMARK [2][-]{subsection.2.5}{\376\377\000T\000o\000t\000a\000l\000l\000y\000\040\000B\000o\000u\000n\000d\000e\000d\000n\000e\000s\000s}{section.2}% 24
\BOOKMARK [2][-]{subsection.2.6}{\376\377\000C\000o\000n\000t\000i\000n\000u\000o\000u\000s\000\040\000F\000u\000n\000c\000t\000i\000o\000n\000s\000\040\000o\000n\000\040\000C\000o\000m\000p\000a\000c\000t\000\040\000S\000e\000t\000s\000\040\040\023\000\040\000C\000\050\000K\000\051}{section.2}% 25
\BOOKMARK [3][-]{subsubsection.2.6.1}{\376\377\000P\000r\000o\000p\000e\000r\000t\000i\000e\000s\000\040\000o\000f\000\040\000C\000\050\000K\000\051}{subsection.2.6}% 26
\BOOKMARK [3][-]{subsubsection.2.6.2}{\376\377\000C\000o\000m\000p\000a\000c\000t\000n\000e\000s\000s\000\040\000i\000n\000\040\000C\000\050\000K\000\051}{subsection.2.6}% 27
\BOOKMARK [3][-]{subsubsection.2.6.3}{\376\377\000A\000p\000p\000r\000o\000x\000i\000m\000a\000t\000i\000o\000n\000\040\000i\000n\000\040\000C\000\050\000K\000\051}{subsection.2.6}% 28
\BOOKMARK [1][-]{section.3}{\376\377\000M\000e\000a\000s\000u\000r\000e}{}% 29
\BOOKMARK [2][-]{subsection.3.1}{\376\377\000S\000e\000m\000i\000-\000r\000i\000n\000g\000,\000\040\000R\000i\000n\000g\000,\000\040\000A\000l\000g\000e\000b\000r\000a\000,\000\040\000-\000A\000l\000g\000e\000b\000r\000a\000,\000\040\000B\000o\000r\000e\000l\000\040\000-\000A\000l\000g\000e\000b\000r\000a}{section.3}% 30
\BOOKMARK [2][-]{subsection.3.2}{\376\377\000M\000e\000a\000s\000u\000r\000e\000,\000\040\000M\000e\000a\000s\000u\000r\000e\000\040\000S\000p\000a\000c\000e}{section.3}% 31
\BOOKMARK [3][-]{subsubsection.3.2.1}{\376\377\000M\000e\000a\000s\000u\000r\000e}{subsection.3.2}% 32
\BOOKMARK [3][-]{subsubsection.3.2.2}{\376\377\000-\000A\000d\000d\000i\000t\000i\000v\000i\000v\000e\000\040\000M\000e\000a\000s\000u\000r\000e}{subsection.3.2}% 33
\BOOKMARK [3][-]{subsubsection.3.2.3}{\376\377\000O\000u\000t\000e\000r\000\040\000L\000e\000b\000e\000s\000g\000u\000e\000\040\000M\000e\000a\000s\000u\000r\000e}{subsection.3.2}% 34
\BOOKMARK [3][-]{subsubsection.3.2.4}{\376\377\000M\000e\000a\000s\000u\000r\000a\000b\000l\000e\000\040\000S\000e\000t\000s}{subsection.3.2}% 35
\BOOKMARK [3][-]{subsubsection.3.2.5}{\376\377\000L\000e\000b\000e\000s\000g\000u\000e\000\040\000E\000x\000t\000e\000n\000s\000i\000o\000n\000\040\000o\000f\000\040\000a\000\040\000-\000A\000d\000d\000i\000t\000i\000v\000e\000\040\000M\000e\000a\000s\000u\000r\000e}{subsection.3.2}% 36
\BOOKMARK [3][-]{subsubsection.3.2.6}{\376\377\000M\000e\000a\000s\000u\000r\000e\000\040\000S\000p\000a\000c\000e}{subsection.3.2}% 37
\BOOKMARK [2][-]{subsection.3.3}{\376\377\000L\000e\000b\000e\000s\000g\000u\000e\000\040\000M\000e\000a\000s\000u\000r\000e\000\040\000i\000n\000\040\000R\000n}{section.3}% 38
\BOOKMARK [3][-]{subsubsection.3.3.1}{\376\377\000C\000o\000n\000s\000t\000r\000u\000c\000t\000i\000o\000n\000\040\000o\000f\000\040\000a\000\040\000N\000o\000n\000-\000M\000e\000a\000s\000u\000r\000a\000b\000l\000e\000\040\000S\000e\000t\000\050\000!\000\051}{subsection.3.3}% 39
\BOOKMARK [3][-]{subsubsection.3.3.2}{\376\377\000S\000t\000a\000n\000d\000a\000r\000d\000\040\000a\000n\000d\000\040\000G\000e\000n\000e\000r\000a\000l\000\040\000C\000a\000n\000t\000o\000r\000\040\000S\000e\000t}{subsection.3.3}% 40
\BOOKMARK [3][-]{subsubsection.3.3.3}{\376\377\000C\000a\000n\000t\000o\000r\000\040\000S\000t\000a\000i\000r\000c\000a\000s\000e\000\040\000F\000u\000n\000c\000t\000i\000o\000n}{subsection.3.3}% 41
\BOOKMARK [3][-]{subsubsection.3.3.4}{\376\377\000C\000o\000n\000s\000t\000r\000u\000c\000t\000i\000o\000n\000\040\000o\000f\000\040\000a\000\040\000N\000o\000n\000-\000B\000o\000r\000e\000l\000\040\000M\000e\000a\000s\000u\000r\000a\000b\000l\000e\000\040\000S\000e\000t\000\050\000!\000\051}{subsection.3.3}% 42
\BOOKMARK [2][-]{subsection.3.4}{\376\377\000C\000o\000m\000p\000l\000e\000t\000e\000n\000e\000s\000s\000\040\000a\000n\000d\000\040\000R\000e\000g\000u\000l\000a\000r\000i\000t\000y\000\040\000o\000f\000\040\000M\000e\000a\000s\000u\000r\000e\000s}{section.3}% 43
\BOOKMARK [3][-]{subsubsection.3.4.1}{\376\377\000C\000o\000m\000p\000l\000e\000t\000i\000o\000n\000\040\000o\000f\000\040\000a\000\040\000M\000e\000a\000s\000u\000r\000e\000\040\000S\000p\000a\000c\000e}{subsection.3.4}% 44
\BOOKMARK [3][-]{subsubsection.3.4.2}{\376\377\000R\000e\000g\000u\000l\000a\000r\000i\000t\000y\000\040\000o\000f\000\040\000M\000e\000a\000s\000u\000r\000e\000s}{subsection.3.4}% 45
\BOOKMARK [2][-]{subsection.3.5}{\376\377\000D\000y\000n\000k\000i\000n\000\040\000C\000l\000a\000s\000s\000e\000s}{section.3}% 46
\BOOKMARK [3][-]{subsubsection.3.5.1}{\376\377\000-\000s\000y\000s\000t\000e\000m\000s\000\040\000a\000n\000d\000\040\000-\000s\000y\000s\000t\000e\000m\000s}{subsection.3.5}% 47
\BOOKMARK [3][-]{subsubsection.3.5.2}{\376\377\000-\000\040\000T\000h\000e\000o\000r\000e\000m}{subsection.3.5}% 48
\BOOKMARK [3][-]{subsubsection.3.5.3}{\376\377\000A\000p\000p\000l\000i\000c\000a\000t\000i\000o\000n\000:\000\040\000U\000n\000i\000q\000u\000e\000n\000e\000s\000s\000\040\000o\000f\000\040\000M\000e\000a\000s\000u\000r\000e\000\040\000E\000x\000t\000e\000n\000s\000i\000o\000n}{subsection.3.5}% 49
\BOOKMARK [1][-]{section.4}{\376\377\000M\000e\000a\000s\000u\000r\000a\000b\000l\000e\000\040\000F\000u\000n\000c\000t\000i\000o\000n}{}% 50
\BOOKMARK [2][-]{subsection.4.1}{\376\377\000W\000h\000a\000t\000\040\000K\000i\000n\000d\000\040\000o\000f\000\040\000F\000u\000n\000c\000t\000i\000o\000n\000s\000\040\000a\000r\000e\000\040\000M\000e\000a\000s\000u\000r\000a\000b\000l\000e\000\050\000?\000\051}{section.4}% 51
\BOOKMARK [2][-]{subsection.4.2}{\376\377\000P\000r\000o\000p\000e\000r\000t\000i\000e\000s\000\040\000o\000f\000\040\000M\000e\000a\000s\000u\000r\000a\000b\000l\000e\000\040\000F\000u\000n\000c\000t\000i\000o\000n\000s}{section.4}% 52
\BOOKMARK [2][-]{subsection.4.3}{\376\377\000A\000l\000m\000o\000s\000t\000\040\000E\000v\000e\000r\000y\000w\000h\000e\000r\000e\000\040\000P\000r\000o\000p\000e\000r\000t\000i\000e\000s}{section.4}% 53
\BOOKMARK [2][-]{subsection.4.4}{\376\377\000E\000g\000o\000r\000o\000v\000'\000s\000\040\000T\000h\000e\000o\000r\000e\000m}{section.4}% 54
\BOOKMARK [2][-]{subsection.4.5}{\376\377\000L\000u\000s\000i\000n\000'\000s\000\040\000T\000h\000e\000o\000r\000e\000m}{section.4}% 55
\BOOKMARK [2][-]{subsection.4.6}{\376\377\000C\000o\000n\000v\000e\000r\000g\000e\000n\000c\000e\000\040\000i\000n\000\040\000M\000e\000a\000s\000u\000r\000e}{section.4}% 56
\BOOKMARK [1][-]{section.5}{\376\377\000L\000e\000b\000e\000s\000g\000u\000e\000\040\000I\000n\000t\000e\000g\000r\000a\000t\000i\000o\000n\000\040\000w\000i\000t\000h\000\040\000a\000\040\000F\000i\000n\000i\000t\000e\000\040\000C\000o\000m\000p\000l\000e\000t\000e\000\040\000M\000e\000a\000s\000u\000r\000e}{}% 57
\BOOKMARK [2][-]{subsection.5.1}{\376\377\000S\000i\000m\000p\000l\000e\000\040\000F\000u\000n\000c\000t\000i\000o\000n}{section.5}% 58
\BOOKMARK [2][-]{subsection.5.2}{\376\377\000L\000e\000b\000e\000s\000g\000u\000e\000\040\000I\000n\000t\000e\000g\000r\000a\000l\000\040\000w\000i\000t\000h\000\040\000a\000\040\000F\000i\000n\000i\000t\000e\000\040\000C\000o\000m\000p\000l\000e\000t\000e\000\040\000M\000e\000a\000s\000u\000r\000e}{section.5}% 59
\BOOKMARK [2][-]{subsection.5.3}{\376\377\000T\000h\000r\000e\000e\000\040\000C\000o\000n\000v\000e\000r\000g\000e\000n\000c\000e\000\040\000T\000h\000e\000o\000r\000e\000m\000s}{section.5}% 60
\BOOKMARK [3][-]{subsubsection.5.3.1}{\376\377\000D\000o\000m\000i\000n\000a\000t\000e\000d\000\040\000C\000o\000n\000v\000e\000r\000g\000e\000n\000c\000e\000\040\000T\000h\000e\000o\000r\000e\000m}{subsection.5.3}% 61
\BOOKMARK [3][-]{subsubsection.5.3.2}{\376\377\000M\000o\000n\000o\000t\000o\000n\000e\000\040\000C\000o\000n\000v\000e\000r\000g\000e\000n\000c\000e\000\040\000T\000h\000e\000o\000r\000e\000m}{subsection.5.3}% 62
\BOOKMARK [3][-]{subsubsection.5.3.3}{\376\377\000F\000a\000t\000o\000u\000'\000s\000\040\000L\000e\000m\000m\000a}{subsection.5.3}% 63
\BOOKMARK [2][-]{subsection.5.4}{\376\377\000C\000o\000m\000p\000a\000r\000i\000s\000o\000n\000\040\000o\000f\000\040\000R\000i\000e\000m\000a\000n\000n\000\040\000a\000n\000d\000\040\000L\000e\000b\000e\000s\000g\000u\000e\000\040\000I\000n\000t\000e\000g\000r\000a\000l\000s}{section.5}% 64
\BOOKMARK [1][-]{section.6}{\376\377\000P\000r\000o\000d\000u\000c\000t\000\040\000M\000e\000a\000s\000u\000r\000e}{}% 65
\BOOKMARK [2][-]{subsection.6.1}{\376\377\000D\000i\000r\000e\000c\000t\000\040\000P\000r\000o\000d\000u\000c\000t\000\040\000o\000f\000\040\000M\000e\000a\000s\000u\000r\000e\000s}{section.6}% 66
\BOOKMARK [2][-]{subsection.6.2}{\376\377\000F\000u\000b\000i\000n\000i\000\040\000T\000h\000e\000o\000r\000e\000m}{section.6}% 67
\BOOKMARK [1][-]{section.7}{\376\377\000L\000e\000b\000e\000s\000g\000u\000e\000\040\000I\000n\000t\000e\000g\000r\000a\000t\000i\000o\000n\000\040\000w\000i\000t\000h\000\040\000-\000a\000d\000d\000i\000t\000i\000v\000e\000\040\000M\000e\000a\000s\000u\000r\000e\000\040\000\046\000\040\000o\000f\000\040\000-\000v\000a\000l\000u\000e\000d\000\040\000F\000u\000n\000c\000t\000i\000o\000n}{}% 68
\BOOKMARK [2][-]{subsection.7.1}{\376\377\000L\000e\000b\000e\000s\000g\000u\000e\000\040\000I\000n\000t\000e\000g\000r\000a\000t\000i\000o\000n\000\040\000w\000i\000t\000h\000\040\000-\000a\000d\000d\000i\000t\000i\000v\000e\000\040\000M\000e\000a\000s\000u\000r\000e}{section.7}% 69
\BOOKMARK [2][-]{subsection.7.2}{\376\377\000T\000h\000r\000e\000e\000\040\000C\000o\000n\000v\000e\000r\000g\000e\000n\000c\000e\000\040\000T\000h\000e\000o\000r\000e\000m\000s}{section.7}% 70
\BOOKMARK [3][-]{subsubsection.7.2.1}{\376\377\000M\000o\000n\000o\000t\000o\000n\000e\000\040\000C\000o\000n\000v\000e\000r\000g\000e\000n\000c\000e\000\040\000T\000h\000e\000o\000r\000e\000m}{subsection.7.2}% 71
\BOOKMARK [3][-]{subsubsection.7.2.2}{\376\377\000F\000a\000t\000o\000u\000'\000s\000\040\000L\000e\000m\000m\000a}{subsection.7.2}% 72
\BOOKMARK [3][-]{subsubsection.7.2.3}{\376\377\000D\000o\000m\000i\000n\000a\000t\000e\000d\000\040\000C\000o\000n\000v\000e\000r\000g\000e\000n\000c\000e\000\040\000T\000h\000e\000o\000r\000e\000m}{subsection.7.2}% 73
\BOOKMARK [2][-]{subsection.7.3}{\376\377\000W\000h\000a\000t\000\040\000k\000i\000n\000d\000s\000\040\000o\000f\000\040\000-\000v\000a\000l\000u\000e\000d\000\040\000F\000u\000n\000c\000t\000i\000o\000n\000s\000\040\000a\000r\000e\000\040\000m\000e\000a\000s\000u\000r\000a\000b\000l\000e\000\050\000?\000\051}{section.7}% 74
\BOOKMARK [1][-]{section.8}{\376\377\000L\000p\000\040\000S\000p\000a\000c\000e}{}% 75
\BOOKMARK [2][-]{subsection.8.1}{\376\377\000L\0001\000\040\000S\000p\000a\000c\000e}{section.8}% 76
\BOOKMARK [2][-]{subsection.8.2}{\376\377\000L\000p\000\040\000S\000p\000a\000c\000e\000\040\000w\000i\000t\000h\000\040\0001\000\040\000<\000\040\000p\000\040\000<\000\040}{section.8}% 77
\BOOKMARK [2][-]{subsection.8.3}{\376\377\000S\000e\000p\000a\000r\000a\000b\000l\000e\000\040\000L\000p\000\040\000S\000p\000a\000c\000e}{section.8}% 78
\BOOKMARK [1][-]{section.9}{\376\377\000C\000h\000a\000r\000g\000e\000\050\000G\000e\000n\000e\000r\000a\000l\000i\000z\000e\000d\000\040\000M\000e\000a\000s\000u\000r\000e\000\051}{}% 79
\BOOKMARK [2][-]{subsection.9.1}{\376\377\000C\000h\000a\000r\000g\000e\000\050\000G\000e\000n\000e\000r\000a\000l\000i\000z\000e\000d\000\040\000M\000e\000a\000s\000u\000r\000e\000\051}{section.9}% 80
\BOOKMARK [2][-]{subsection.9.2}{\376\377\000A\000b\000s\000o\000l\000u\000t\000e\000l\000y\000\040\000C\000o\000n\000t\000i\000n\000u\000o\000u\000s\000\040\000C\000h\000a\000r\000g\000e}{section.9}% 81
\BOOKMARK [1][-]{section*.2}{\376\377\000I\000n\000d\000e\000x}{}% 82
