\BOOKMARK [1][-]{section.1}{\376\377\000G\000e\000t\000t\000i\000n\000g\000\040\000S\000t\000a\000r\000t\000e\000d}{}% 1
\BOOKMARK [2][-]{subsection.1.1}{\376\377\000F\000o\000u\000n\000d\000a\000t\000i\000o\000n\000s\000\040\000o\000f\000\040\000A\000l\000g\000o\000r\000i\000t\000h\000m\000s}{section.1}% 2
\BOOKMARK [3][-]{subsubsection.1.1.1}{\376\377\000D\000e\000f\000i\000n\000i\000t\000i\000o\000n\000s}{subsection.1.1}% 3
\BOOKMARK [3][-]{subsubsection.1.1.2}{\376\377\000C\000o\000r\000r\000e\000c\000t\000n\000e\000s\000s}{subsection.1.1}% 4
\BOOKMARK [2][-]{subsection.1.2}{\376\377\000T\000h\000e\000\040\000C\000o\000m\000p\000u\000t\000a\000t\000i\000o\000n\000a\000l\000\040\000M\000o\000d\000e\000l}{section.1}% 5
\BOOKMARK [2][-]{subsection.1.3}{\376\377\000I\000n\000s\000e\000r\000t\000i\000o\000n\000\040\000S\000o\000r\000t}{section.1}% 6
\BOOKMARK [3][-]{subsubsection.1.3.1}{\376\377\000T\000h\000e\000\040\000C\000o\000n\000c\000e\000p\000t}{subsection.1.3}% 7
\BOOKMARK [3][-]{subsubsection.1.3.2}{\376\377\000T\000h\000e\000\040\000A\000l\000g\000o\000r\000i\000t\000h\000m}{subsection.1.3}% 8
\BOOKMARK [2][-]{subsection.1.4}{\376\377\000C\000o\000r\000r\000e\000c\000t\000n\000e\000s\000s\000\040\000v\000i\000a\000\040\000L\000o\000o\000p\000\040\000I\000n\000v\000a\000r\000i\000a\000n\000t\000s}{section.1}% 9
\BOOKMARK [3][-]{subsubsection.1.4.1}{\376\377\000P\000r\000o\000o\000f\000\040\000o\000f\000\040\000I\000n\000s\000e\000r\000t\000i\000o\000n\000\040\000S\000o\000r\000t}{subsection.1.4}% 10
\BOOKMARK [2][-]{subsection.1.5}{\376\377\000R\000u\000n\000t\000i\000m\000e\000\040\000A\000n\000a\000l\000y\000s\000i\000s}{section.1}% 11
\BOOKMARK [3][-]{subsubsection.1.5.1}{\376\377\000D\000e\000t\000a\000i\000l\000e\000d\000\040\000C\000o\000s\000t\000\040\000B\000r\000e\000a\000k\000d\000o\000w\000n}{subsection.1.5}% 12
\BOOKMARK [3][-]{subsubsection.1.5.2}{\376\377\000B\000e\000s\000t\000\040\000C\000a\000s\000e\000\040\000A\000n\000a\000l\000y\000s\000i\000s}{subsection.1.5}% 13
\BOOKMARK [3][-]{subsubsection.1.5.3}{\376\377\000W\000o\000r\000s\000t\000\040\000C\000a\000s\000e\000\040\000A\000n\000a\000l\000y\000s\000i\000s}{subsection.1.5}% 14
\BOOKMARK [1][-]{section.2}{\376\377\000R\000u\000n\000t\000i\000m\000e\000\040\000a\000n\000d\000\040\000A\000s\000y\000m\000p\000t\000o\000t\000i\000c\000\040\000N\000o\000t\000a\000t\000i\000o\000n}{}% 15
\BOOKMARK [2][-]{subsection.2.1}{\376\377\000R\000e\000c\000a\000p\000:\000\040\000R\000u\000n\000t\000i\000m\000e\000\040\000o\000f\000\040\000I\000n\000s\000e\000r\000t\000i\000o\000n\000\040\000S\000o\000r\000t}{section.2}% 16
\BOOKMARK [3][-]{subsubsection.2.1.1}{\376\377\000W\000h\000y\000\040\000F\000o\000c\000u\000s\000\040\000o\000n\000\040\000t\000h\000e\000\040\000W\000o\000r\000s\000t\000\040\000C\000a\000s\000e\000?}{subsection.2.1}% 17
\BOOKMARK [2][-]{subsection.2.2}{\376\377\000A\000s\000y\000m\000p\000t\000o\000t\000i\000c\000\040\000A\000n\000a\000l\000y\000s\000i\000s}{section.2}% 18
\BOOKMARK [3][-]{subsubsection.2.2.1}{\376\377\000T\000h\000e\000\040\000P\000h\000i\000l\000o\000s\000o\000p\000h\000y\000\040\000o\000f\000\040\000A\000s\000y\000m\000p\000t\000o\000t\000i\000c\000s}{subsection.2.2}% 19
\BOOKMARK [2][-]{subsection.2.3}{\376\377\000A\000s\000y\000m\000p\000t\000o\000t\000i\000c\000\040\000N\000o\000t\000a\000t\000i\000o\000n\000s}{section.2}% 20
\BOOKMARK [3][-]{subsubsection.2.3.1}{\376\377\000B\000i\000g\000-\000T\000h\000e\000t\000a\000\040\000N\000o\000t\000a\000t\000i\000o\000n\000\040\000\050\000\051\000:\000\040\000T\000i\000g\000h\000t\000\040\000B\000o\000u\000n\000d}{subsection.2.3}% 21
\BOOKMARK [3][-]{subsubsection.2.3.2}{\376\377\000B\000i\000g\000-\000O\000\040\000N\000o\000t\000a\000t\000i\000o\000n\000\040\000\050\000O\000\051\000:\000\040\000U\000p\000p\000e\000r\000\040\000B\000o\000u\000n\000d}{subsection.2.3}% 22
\BOOKMARK [3][-]{subsubsection.2.3.3}{\376\377\000B\000i\000g\000-\000O\000m\000e\000g\000a\000\040\000N\000o\000t\000a\000t\000i\000o\000n\000\040\000\050\000\051\000:\000\040\000L\000o\000w\000e\000r\000\040\000B\000o\000u\000n\000d}{subsection.2.3}% 23
\BOOKMARK [3][-]{subsubsection.2.3.4}{\376\377\000S\000t\000r\000i\000c\000t\000\040\000B\000o\000u\000n\000d\000s\000\040\000\050\000o\000\040\000a\000n\000d\000\040\000\051}{subsection.2.3}% 24
\BOOKMARK [2][-]{subsection.2.4}{\376\377\000A\000n\000a\000l\000o\000g\000y\000\040\000w\000i\000t\000h\000\040\000R\000e\000a\000l\000\040\000N\000u\000m\000b\000e\000r\000s}{section.2}% 25
\BOOKMARK [2][-]{subsection.2.5}{\376\377\000P\000r\000o\000p\000e\000r\000t\000i\000e\000s\000\040\000a\000n\000d\000\040\000G\000r\000o\000w\000t\000h\000\040\000H\000i\000e\000r\000a\000r\000c\000h\000y}{section.2}% 26
\BOOKMARK [3][-]{subsubsection.2.5.1}{\376\377\000P\000r\000o\000p\000e\000r\000t\000i\000e\000s}{subsection.2.5}% 27
\BOOKMARK [3][-]{subsubsection.2.5.2}{\376\377\000C\000o\000m\000m\000o\000n\000\040\000G\000r\000o\000w\000t\000h\000\040\000F\000u\000n\000c\000t\000i\000o\000n\000s}{subsection.2.5}% 28
\BOOKMARK [2][-]{subsection.2.6}{\376\377\000A\000p\000p\000l\000i\000c\000a\000t\000i\000o\000n\000\040\000t\000o\000\040\000I\000n\000s\000e\000r\000t\000i\000o\000n\000\040\000S\000o\000r\000t}{section.2}% 29
\BOOKMARK [1][-]{section.3}{\376\377\000D\000i\000v\000i\000d\000e\000-\000a\000n\000d\000-\000C\000o\000n\000q\000u\000e\000r}{}% 30
\BOOKMARK [2][-]{subsection.3.1}{\376\377\000T\000h\000e\000\040\000P\000a\000r\000a\000d\000i\000g\000m\000\040\000S\000h\000i\000f\000t}{section.3}% 31
\BOOKMARK [3][-]{subsubsection.3.1.1}{\376\377\000D\000i\000v\000i\000d\000e\000-\000a\000n\000d\000-\000C\000o\000n\000q\000u\000e\000r\000\040\000S\000t\000r\000a\000t\000e\000g\000y}{subsection.3.1}% 32
\BOOKMARK [3][-]{subsubsection.3.1.2}{\376\377\000M\000o\000t\000i\000v\000a\000t\000i\000n\000g\000\040\000E\000x\000a\000m\000p\000l\000e\000:\000\040\000B\000i\000n\000a\000r\000y\000\040\000S\000e\000a\000r\000c\000h}{subsection.3.1}% 33
\BOOKMARK [2][-]{subsection.3.2}{\376\377\000M\000e\000r\000g\000e\000\040\000S\000o\000r\000t}{section.3}% 34
\BOOKMARK [3][-]{subsubsection.3.2.1}{\376\377\000T\000h\000e\000\040\000A\000l\000g\000o\000r\000i\000t\000h\000m}{subsection.3.2}% 35
\BOOKMARK [3][-]{subsubsection.3.2.2}{\376\377\000T\000h\000e\000\040\000M\000e\000r\000g\000e\000\040\000P\000r\000o\000c\000e\000d\000u\000r\000e}{subsection.3.2}% 36
\BOOKMARK [3][-]{subsubsection.3.2.3}{\376\377\000C\000o\000r\000r\000e\000c\000t\000n\000e\000s\000s\000\040\000o\000f\000\040\000M\000e\000r\000g\000e}{subsection.3.2}% 37
\BOOKMARK [2][-]{subsection.3.3}{\376\377\000A\000n\000a\000l\000y\000s\000i\000s\000\040\000o\000f\000\040\000M\000e\000r\000g\000e\000\040\000S\000o\000r\000t}{section.3}% 38
\BOOKMARK [3][-]{subsubsection.3.3.1}{\376\377\000R\000e\000c\000u\000r\000r\000e\000n\000c\000e\000\040\000R\000e\000l\000a\000t\000i\000o\000n}{subsection.3.3}% 39
\BOOKMARK [3][-]{subsubsection.3.3.2}{\376\377\000R\000e\000c\000u\000r\000s\000i\000o\000n\000\040\000T\000r\000e\000e\000\040\000V\000i\000s\000u\000a\000l\000i\000z\000a\000t\000i\000o\000n}{subsection.3.3}% 40
\BOOKMARK [3][-]{subsubsection.3.3.3}{\376\377\000C\000o\000m\000p\000a\000r\000i\000s\000o\000n\000\040\000w\000i\000t\000h\000\040\000I\000n\000s\000e\000r\000t\000i\000o\000n\000\040\000S\000o\000r\000t}{subsection.3.3}% 41
\BOOKMARK [2][-]{subsection.3.4}{\376\377\000T\000h\000e\000\040\000M\000a\000s\000t\000e\000r\000\040\000T\000h\000e\000o\000r\000e\000m}{section.3}% 42
\BOOKMARK [3][-]{subsubsection.3.4.1}{\376\377\000T\000h\000e\000\040\000W\000a\000t\000e\000r\000s\000h\000e\000d\000\040\000F\000u\000n\000c\000t\000i\000o\000n}{subsection.3.4}% 43
\BOOKMARK [3][-]{subsubsection.3.4.2}{\376\377\000T\000h\000e\000\040\000T\000h\000r\000e\000e\000\040\000C\000a\000s\000e\000s}{subsection.3.4}% 44
\BOOKMARK [3][-]{subsubsection.3.4.3}{\376\377\000E\000x\000a\000m\000p\000l\000e\000s}{subsection.3.4}% 45
\BOOKMARK [1][-]{section.4}{\376\377\000H\000e\000a\000p\000s\000o\000r\000t}{}% 46
\BOOKMARK [2][-]{subsection.4.1}{\376\377\000M\000o\000t\000i\000v\000a\000t\000i\000o\000n\000:\000\040\000S\000m\000a\000r\000t\000e\000r\000\040\000S\000e\000l\000e\000c\000t\000i\000o\000n}{section.4}% 47
\BOOKMARK [2][-]{subsection.4.2}{\376\377\000T\000h\000e\000\040\000H\000e\000a\000p\000\040\000D\000a\000t\000a\000\040\000S\000t\000r\000u\000c\000t\000u\000r\000e}{section.4}% 48
\BOOKMARK [3][-]{subsubsection.4.2.1}{\376\377\000D\000e\000f\000i\000n\000i\000t\000i\000o\000n}{subsection.4.2}% 49
\BOOKMARK [3][-]{subsubsection.4.2.2}{\376\377\000T\000h\000e\000\040\000H\000e\000a\000p\000\040\000P\000r\000o\000p\000e\000r\000t\000y}{subsection.4.2}% 50
\BOOKMARK [2][-]{subsection.4.3}{\376\377\000C\000o\000r\000e\000\040\000O\000p\000e\000r\000a\000t\000i\000o\000n\000s}{section.4}% 51
\BOOKMARK [3][-]{subsubsection.4.3.1}{\376\377\000M\000a\000i\000n\000t\000a\000i\000n\000i\000n\000g\000\040\000t\000h\000e\000\040\000P\000r\000o\000p\000e\000r\000t\000y\000:\000\040\000M\000a\000x\000-\000H\000e\000a\000p\000i\000f\000y}{subsection.4.3}% 52
\BOOKMARK [3][-]{subsubsection.4.3.2}{\376\377\000B\000u\000i\000l\000d\000i\000n\000g\000\040\000t\000h\000e\000\040\000H\000e\000a\000p\000:\000\040\000B\000u\000i\000l\000d\000-\000M\000a\000x\000-\000H\000e\000a\000p}{subsection.4.3}% 53
\BOOKMARK [2][-]{subsection.4.4}{\376\377\000T\000h\000e\000\040\000H\000e\000a\000p\000s\000o\000r\000t\000\040\000A\000l\000g\000o\000r\000i\000t\000h\000m}{section.4}% 54
\BOOKMARK [3][-]{subsubsection.4.4.1}{\376\377\000A\000n\000a\000l\000y\000s\000i\000s}{subsection.4.4}% 55
\BOOKMARK [3][-]{subsubsection.4.4.2}{\376\377\000R\000e\000b\000u\000i\000l\000d\000\040\000v\000s\000.\000\040\000R\000e\000p\000a\000i\000r}{subsection.4.4}% 56
\BOOKMARK [2][-]{subsection.4.5}{\376\377\000P\000r\000i\000o\000r\000i\000t\000y\000\040\000Q\000u\000e\000u\000e\000s}{section.4}% 57
\BOOKMARK [2][-]{subsection.4.6}{\376\377\000S\000u\000m\000m\000a\000r\000y}{section.4}% 58
\BOOKMARK [1][-]{section.5}{\376\377\000Q\000u\000i\000c\000k\000s\000o\000r\000t}{}% 59
\BOOKMARK [2][-]{subsection.5.1}{\376\377\000T\000h\000e\000\040\000D\000i\000v\000i\000d\000e\000-\000a\000n\000d\000-\000C\000o\000n\000q\000u\000e\000r\000\040\000P\000a\000r\000a\000d\000i\000g\000m\000\040\000R\000e\000v\000i\000s\000i\000t\000e\000d}{section.5}% 60
\BOOKMARK [3][-]{subsubsection.5.1.1}{\376\377\000S\000t\000r\000u\000c\000t\000u\000r\000a\000l\000\040\000C\000o\000m\000p\000a\000r\000i\000s\000o\000n}{subsection.5.1}% 61
\BOOKMARK [2][-]{subsection.5.2}{\376\377\000P\000a\000r\000t\000i\000t\000i\000o\000n\000i\000n\000g\000:\000\040\000T\000h\000e\000\040\000C\000o\000r\000e\000\040\000M\000e\000c\000h\000a\000n\000i\000s\000m}{section.5}% 62
\BOOKMARK [3][-]{subsubsection.5.2.1}{\376\377\000T\000h\000e\000\040\000L\000o\000m\000u\000t\000o\000\040\000P\000a\000r\000t\000i\000t\000i\000o\000n\000\040\000S\000c\000h\000e\000m\000e}{subsection.5.2}% 63
\BOOKMARK [3][-]{subsubsection.5.2.2}{\376\377\000T\000r\000a\000c\000e\000\040\000E\000x\000a\000m\000p\000l\000e}{subsection.5.2}% 64
\BOOKMARK [3][-]{subsubsection.5.2.3}{\376\377\000L\000o\000o\000p\000\040\000I\000n\000v\000a\000r\000i\000a\000n\000t\000\040\000V\000i\000s\000u\000a\000l\000i\000z\000a\000t\000i\000o\000n}{subsection.5.2}% 65
\BOOKMARK [2][-]{subsection.5.3}{\376\377\000R\000i\000g\000o\000r\000o\000u\000s\000\040\000R\000u\000n\000t\000i\000m\000e\000\040\000A\000n\000a\000l\000y\000s\000i\000s}{section.5}% 66
\BOOKMARK [3][-]{subsubsection.5.3.1}{\376\377\000W\000o\000r\000s\000t\000-\000C\000a\000s\000e\000:\000\040\000T\000h\000e\000\040\000U\000n\000b\000a\000l\000a\000n\000c\000e\000d\000\040\000S\000p\000l\000i\000t}{subsection.5.3}% 67
\BOOKMARK [3][-]{subsubsection.5.3.2}{\376\377\000B\000e\000s\000t\000-\000C\000a\000s\000e\000:\000\040\000T\000h\000e\000\040\000P\000e\000r\000f\000e\000c\000t\000\040\000S\000p\000l\000i\000t}{subsection.5.3}% 68
\BOOKMARK [3][-]{subsubsection.5.3.3}{\376\377\000A\000v\000e\000r\000a\000g\000e\000-\000C\000a\000s\000e\000:\000\040\000T\000h\000e\000\040\000I\000n\000t\000u\000i\000t\000i\000o\000n\000\040\000o\000f\000\040\000B\000a\000l\000a\000n\000c\000e}{subsection.5.3}% 69
\BOOKMARK [3][-]{subsubsection.5.3.4}{\376\377\000A\000v\000e\000r\000a\000g\000e\000-\000C\000a\000s\000e\000:\000\040\000M\000a\000t\000h\000e\000m\000a\000t\000i\000c\000a\000l\000\040\000P\000r\000o\000o\000f}{subsection.5.3}% 70
\BOOKMARK [2][-]{subsection.5.4}{\376\377\000I\000m\000p\000r\000o\000v\000e\000m\000e\000n\000t\000s\000\040\000a\000n\000d\000\040\000V\000a\000r\000i\000a\000n\000t\000s}{section.5}% 71
\BOOKMARK [3][-]{subsubsection.5.4.1}{\376\377\000R\000a\000n\000d\000o\000m\000i\000z\000e\000d\000\040\000Q\000u\000i\000c\000k\000s\000o\000r\000t}{subsection.5.4}% 72
\BOOKMARK [3][-]{subsubsection.5.4.2}{\376\377\000M\000e\000d\000i\000a\000n\000-\000o\000f\000-\0003\000\040\000P\000a\000r\000t\000i\000t\000i\000o\000n\000i\000n\000g}{subsection.5.4}% 73
\BOOKMARK [3][-]{subsubsection.5.4.3}{\376\377\000H\000a\000n\000d\000l\000i\000n\000g\000\040\000D\000u\000p\000l\000i\000c\000a\000t\000e\000s}{subsection.5.4}% 74
\BOOKMARK [3][-]{subsubsection.5.4.4}{\376\377\000D\000u\000a\000l\000-\000P\000i\000v\000o\000t\000\040\000Q\000u\000i\000c\000k\000s\000o\000r\000t}{subsection.5.4}% 75
\BOOKMARK [1][-]{section.6}{\376\377\000R\000a\000n\000d\000o\000m\000i\000s\000a\000t\000i\000o\000n\000\040\000\046\000\040\000L\000o\000w\000e\000r\000\040\000B\000o\000u\000n\000d\000s}{}% 76
\BOOKMARK [2][-]{subsection.6.1}{\376\377\000R\000a\000n\000d\000o\000m\000i\000s\000a\000t\000i\000o\000n\000\040\000i\000n\000\040\000A\000l\000g\000o\000r\000i\000t\000h\000m\000\040\000D\000e\000s\000i\000g\000n}{section.6}% 77
\BOOKMARK [3][-]{subsubsection.6.1.1}{\376\377\000T\000h\000e\000\040\000M\000o\000t\000i\000v\000a\000t\000i\000o\000n}{subsection.6.1}% 78
\BOOKMARK [3][-]{subsubsection.6.1.2}{\376\377\000R\000a\000n\000d\000o\000m\000i\000s\000e\000d\000\040\000Q\000u\000i\000c\000k\000S\000o\000r\000t}{subsection.6.1}% 79
\BOOKMARK [2][-]{subsection.6.2}{\376\377\000A\000n\000a\000l\000y\000s\000i\000s\000\040\000o\000f\000\040\000E\000x\000p\000e\000c\000t\000e\000d\000\040\000R\000u\000n\000t\000i\000m\000e}{section.6}% 80
\BOOKMARK [3][-]{subsubsection.6.2.1}{\376\377\000S\000e\000t\000u\000p\000:\000\040\000I\000n\000d\000i\000c\000a\000t\000o\000r\000\040\000R\000a\000n\000d\000o\000m\000\040\000V\000a\000r\000i\000a\000b\000l\000e\000s}{subsection.6.2}% 81
\BOOKMARK [3][-]{subsubsection.6.2.2}{\376\377\000L\000i\000n\000e\000a\000r\000i\000t\000y\000\040\000o\000f\000\040\000E\000x\000p\000e\000c\000t\000a\000t\000i\000o\000n}{subsection.6.2}% 82
\BOOKMARK [3][-]{subsubsection.6.2.3}{\376\377\000T\000h\000e\000\040\000P\000r\000o\000b\000a\000b\000i\000l\000i\000t\000y\000\040\000o\000f\000\040\000C\000o\000m\000p\000a\000r\000i\000s\000o\000n}{subsection.6.2}% 83
\BOOKMARK [3][-]{subsubsection.6.2.4}{\376\377\000S\000u\000m\000m\000a\000t\000i\000o\000n\000\040\000a\000n\000d\000\040\000R\000e\000s\000u\000l\000t}{subsection.6.2}% 84
\BOOKMARK [2][-]{subsection.6.3}{\376\377\000L\000o\000w\000e\000r\000\040\000B\000o\000u\000n\000d\000s\000\040\000f\000o\000r\000\040\000C\000o\000m\000p\000a\000r\000i\000s\000o\000n\000\040\000S\000o\000r\000t\000s}{section.6}% 85
\BOOKMARK [3][-]{subsubsection.6.3.1}{\376\377\000T\000h\000e\000\040\000C\000o\000m\000p\000a\000r\000i\000s\000o\000n\000\040\000M\000o\000d\000e\000l}{subsection.6.3}% 86
\BOOKMARK [3][-]{subsubsection.6.3.2}{\376\377\000D\000e\000c\000i\000s\000i\000o\000n\000\040\000T\000r\000e\000e\000s}{subsection.6.3}% 87
\BOOKMARK [3][-]{subsubsection.6.3.3}{\376\377\000T\000h\000e\000\040\000L\000o\000w\000e\000r\000\040\000B\000o\000u\000n\000d\000\040\000T\000h\000e\000o\000r\000e\000m}{subsection.6.3}% 88
\BOOKMARK [2][-]{subsection.6.4}{\376\377\000S\000u\000m\000m\000a\000r\000y\000\040\000o\000f\000\040\000S\000o\000r\000t\000i\000n\000g\000\040\000A\000l\000g\000o\000r\000i\000t\000h\000m\000s}{section.6}% 89
\BOOKMARK [1][-]{section.7}{\376\377\000S\000o\000r\000t\000i\000n\000g\000\040\000i\000n\000\040\000L\000i\000n\000e\000a\000r\000\040\000T\000i\000m\000e}{}% 90
\BOOKMARK [2][-]{subsection.7.1}{\376\377\000B\000r\000e\000a\000k\000i\000n\000g\000\040\000t\000h\000e\000\040\000S\000p\000e\000e\000d\000\040\000L\000i\000m\000i\000t}{section.7}% 91
\BOOKMARK [3][-]{subsubsection.7.1.1}{\376\377\000T\000h\000e\000\040\000C\000o\000m\000p\000a\000r\000i\000s\000o\000n\000\040\000B\000o\000t\000t\000l\000e\000n\000e\000c\000k}{subsection.7.1}% 92
\BOOKMARK [3][-]{subsubsection.7.1.2}{\376\377\000T\000h\000e\000\040\000W\000a\000y\000\040\000O\000u\000t}{subsection.7.1}% 93
\BOOKMARK [2][-]{subsection.7.2}{\376\377\000C\000o\000u\000n\000t\000i\000n\000g\000\040\000S\000o\000r\000t}{section.7}% 94
\BOOKMARK [3][-]{subsubsection.7.2.1}{\376\377\000T\000h\000e\000\040\000A\000l\000g\000o\000r\000i\000t\000h\000m\000\040\000l\000o\000g\000i\000c}{subsection.7.2}% 95
\BOOKMARK [3][-]{subsubsection.7.2.2}{\376\377\000W\000h\000y\000\040\000T\000r\000a\000v\000e\000r\000s\000e\000\040\000B\000a\000c\000k\000w\000a\000r\000d\000s\000?\000\040\000\050\000S\000t\000a\000b\000i\000l\000i\000t\000y\000\051}{subsection.7.2}% 96
\BOOKMARK [3][-]{subsubsection.7.2.3}{\376\377\000C\000o\000m\000p\000l\000e\000x\000i\000t\000y\000\040\000A\000n\000a\000l\000y\000s\000i\000s}{subsection.7.2}% 97
\BOOKMARK [2][-]{subsection.7.3}{\376\377\000R\000a\000d\000i\000x\000\040\000S\000o\000r\000t}{section.7}% 98
\BOOKMARK [3][-]{subsubsection.7.3.1}{\376\377\000T\000h\000e\000\040\000A\000l\000g\000o\000r\000i\000t\000h\000m\000\040\000\050\000L\000S\000D\000\040\000A\000p\000p\000r\000o\000a\000c\000h\000\051}{subsection.7.3}% 99
\BOOKMARK [3][-]{subsubsection.7.3.2}{\376\377\000W\000h\000y\000\040\000L\000S\000D\000\040\000w\000o\000r\000k\000s\000\040\000\050\000I\000n\000t\000u\000i\000t\000i\000o\000n\000\051}{subsection.7.3}% 100
\BOOKMARK [3][-]{subsubsection.7.3.3}{\376\377\000T\000r\000a\000c\000e\000\040\000E\000x\000a\000m\000p\000l\000e}{subsection.7.3}% 101
\BOOKMARK [2][-]{subsection.7.4}{\376\377\000A\000d\000v\000a\000n\000c\000e\000d\000\040\000A\000n\000a\000l\000y\000s\000i\000s\000:\000\040\000B\000r\000e\000a\000k\000i\000n\000g\000\040\000t\000h\000e\000\040\000O\000\050\000n\0003\000\051\000\040\000R\000a\000n\000g\000e}{section.7}% 102
\BOOKMARK [3][-]{subsubsection.7.4.1}{\376\377\000A\000t\000t\000e\000m\000p\000t\000\040\0001\000:\000\040\000C\000o\000m\000p\000a\000r\000i\000s\000o\000n\000\040\000S\000o\000r\000t}{subsection.7.4}% 103
\BOOKMARK [3][-]{subsubsection.7.4.2}{\376\377\000A\000t\000t\000e\000m\000p\000t\000\040\0002\000:\000\040\000C\000o\000u\000n\000t\000i\000n\000g\000\040\000S\000o\000r\000t}{subsection.7.4}% 104
\BOOKMARK [3][-]{subsubsection.7.4.3}{\376\377\000A\000t\000t\000e\000m\000p\000t\000\040\0003\000:\000\040\000R\000a\000d\000i\000x\000\040\000S\000o\000r\000t\000\040\000\050\000B\000a\000s\000e\000\040\0001\0000\000\051}{subsection.7.4}% 105
\BOOKMARK [3][-]{subsubsection.7.4.4}{\376\377\000A\000t\000t\000e\000m\000p\000t\000\040\0004\000:\000\040\000R\000a\000d\000i\000x\000\040\000S\000o\000r\000t\000\040\000\050\000B\000a\000s\000e\000\040\000n\000\051}{subsection.7.4}% 106
\BOOKMARK [2][-]{subsection.7.5}{\376\377\000S\000u\000m\000m\000a\000r\000y\000\040\000T\000a\000b\000l\000e}{section.7}% 107
\BOOKMARK [1][-]{section.8}{\376\377\000E\000l\000e\000m\000e\000n\000t\000a\000r\000y\000\040\000D\000a\000t\000a\000\040\000S\000t\000r\000u\000c\000t\000u\000r\000e\000s}{}% 108
\BOOKMARK [2][-]{subsection.8.1}{\376\377\000F\000o\000u\000n\000d\000a\000t\000i\000o\000n\000s\000:\000\040\000T\000h\000e\000\040\000L\000i\000m\000i\000t\000a\000t\000i\000o\000n\000s\000\040\000o\000f\000\040\000A\000r\000r\000a\000y\000s}{section.8}% 109
\BOOKMARK [3][-]{subsubsection.8.1.1}{\376\377\000D\000a\000t\000a\000\040\000S\000t\000r\000u\000c\000t\000u\000r\000e\000s\000\040\000v\000s\000.\000\040\000R\000a\000w\000\040\000M\000e\000m\000o\000r\000y}{subsection.8.1}% 110
\BOOKMARK [3][-]{subsubsection.8.1.2}{\376\377\000T\000h\000e\000\040\000A\000r\000r\000a\000y\000\040\000B\000o\000t\000t\000l\000e\000n\000e\000c\000k}{subsection.8.1}% 111
\BOOKMARK [2][-]{subsection.8.2}{\376\377\000S\000t\000a\000c\000k\000s\000\040\000\050\000L\000I\000F\000O\000\051}{section.8}% 112
\BOOKMARK [3][-]{subsubsection.8.2.1}{\376\377\000P\000h\000i\000l\000o\000s\000o\000p\000h\000y}{subsection.8.2}% 113
\BOOKMARK [3][-]{subsubsection.8.2.2}{\376\377\000A\000r\000r\000a\000y\000\040\000I\000m\000p\000l\000e\000m\000e\000n\000t\000a\000t\000i\000o\000n}{subsection.8.2}% 114
\BOOKMARK [3][-]{subsubsection.8.2.3}{\376\377\000A\000l\000g\000o\000r\000i\000t\000h\000m\000i\000c\000\040\000A\000p\000p\000l\000i\000c\000a\000t\000i\000o\000n\000s}{subsection.8.2}% 115
\BOOKMARK [2][-]{subsection.8.3}{\376\377\000Q\000u\000e\000u\000e\000s\000\040\000\050\000F\000I\000F\000O\000\051}{section.8}% 116
\BOOKMARK [3][-]{subsubsection.8.3.1}{\376\377\000P\000h\000i\000l\000o\000s\000o\000p\000h\000y}{subsection.8.3}% 117
\BOOKMARK [3][-]{subsubsection.8.3.2}{\376\377\000C\000i\000r\000c\000u\000l\000a\000r\000\040\000B\000u\000f\000f\000e\000r\000\040\000I\000m\000p\000l\000e\000m\000e\000n\000t\000a\000t\000i\000o\000n}{subsection.8.3}% 118
\BOOKMARK [2][-]{subsection.8.4}{\376\377\000P\000r\000i\000o\000r\000i\000t\000y\000\040\000Q\000u\000e\000u\000e\000s}{section.8}% 119
\BOOKMARK [2][-]{subsection.8.5}{\376\377\000L\000i\000n\000k\000e\000d\000\040\000L\000i\000s\000t\000s}{section.8}% 120
\BOOKMARK [3][-]{subsubsection.8.5.1}{\376\377\000B\000r\000e\000a\000k\000i\000n\000g\000\040\000t\000h\000e\000\040\000C\000o\000n\000t\000i\000g\000u\000i\000t\000y\000\040\000C\000o\000n\000s\000t\000r\000a\000i\000n\000t}{subsection.8.5}% 121
\BOOKMARK [3][-]{subsubsection.8.5.2}{\376\377\000O\000p\000e\000r\000a\000t\000i\000o\000n\000s\000\040\000A\000n\000a\000l\000y\000s\000i\000s}{subsection.8.5}% 122
\BOOKMARK [2][-]{subsection.8.6}{\376\377\000S\000u\000m\000m\000a\000r\000y\000\040\000o\000f\000\040\000C\000o\000m\000p\000l\000e\000x\000i\000t\000i\000e\000s}{section.8}% 123
\BOOKMARK [1][-]{section.9}{\376\377\000B\000i\000n\000a\000r\000y\000\040\000S\000e\000a\000r\000c\000h\000\040\000T\000r\000e\000e\000s}{}% 124
\BOOKMARK [2][-]{subsection.9.1}{\376\377\000I\000n\000t\000r\000o\000d\000u\000c\000t\000i\000o\000n\000\040\000t\000o\000\040\000T\000r\000e\000e\000s}{section.9}% 125
\BOOKMARK [3][-]{subsubsection.9.1.1}{\376\377\000D\000e\000f\000i\000n\000i\000t\000i\000o\000n\000s\000\040\000a\000n\000d\000\040\000T\000e\000r\000m\000i\000n\000o\000l\000o\000g\000y}{subsection.9.1}% 126
\BOOKMARK [3][-]{subsubsection.9.1.2}{\376\377\000I\000n\000d\000u\000c\000t\000i\000v\000e\000\040\000P\000r\000o\000o\000f\000s\000\040\000o\000n\000\040\000T\000r\000e\000e\000s}{subsection.9.1}% 127
\BOOKMARK [2][-]{subsection.9.2}{\376\377\000B\000i\000n\000a\000r\000y\000\040\000S\000e\000a\000r\000c\000h\000\040\000T\000r\000e\000e\000s\000\040\000\050\000B\000S\000T\000\051}{section.9}% 128
\BOOKMARK [3][-]{subsubsection.9.2.1}{\376\377\000T\000r\000e\000e\000\040\000W\000a\000l\000k\000s}{subsection.9.2}% 129
\BOOKMARK [2][-]{subsection.9.3}{\376\377\000Q\000u\000e\000r\000y\000\040\000O\000p\000e\000r\000a\000t\000i\000o\000n\000s}{section.9}% 130
\BOOKMARK [3][-]{subsubsection.9.3.1}{\376\377\000S\000e\000a\000r\000c\000h}{subsection.9.3}% 131
\BOOKMARK [3][-]{subsubsection.9.3.2}{\376\377\000M\000i\000n\000i\000m\000u\000m\000\040\000a\000n\000d\000\040\000M\000a\000x\000i\000m\000u\000m}{subsection.9.3}% 132
\BOOKMARK [3][-]{subsubsection.9.3.3}{\376\377\000S\000u\000c\000c\000e\000s\000s\000o\000r}{subsection.9.3}% 133
\BOOKMARK [2][-]{subsection.9.4}{\376\377\000M\000o\000d\000i\000f\000y\000i\000n\000g\000\040\000O\000p\000e\000r\000a\000t\000i\000o\000n\000s}{section.9}% 134
\BOOKMARK [3][-]{subsubsection.9.4.1}{\376\377\000I\000n\000s\000e\000r\000t\000i\000o\000n}{subsection.9.4}% 135
\BOOKMARK [3][-]{subsubsection.9.4.2}{\376\377\000D\000e\000l\000e\000t\000i\000o\000n}{subsection.9.4}% 136
\BOOKMARK [2][-]{subsection.9.5}{\376\377\000P\000e\000r\000f\000o\000r\000m\000a\000n\000c\000e\000\040\000A\000n\000a\000l\000y\000s\000i\000s}{section.9}% 137
\BOOKMARK [1][-]{section.10}{\376\377\000A\000V\000L\000\040\000T\000r\000e\000e\000s}{}% 138
\BOOKMARK [2][-]{subsection.10.1}{\376\377\000M\000o\000t\000i\000v\000a\000t\000i\000o\000n}{section.10}% 139
\BOOKMARK [2][-]{subsection.10.2}{\376\377\000D\000e\000f\000i\000n\000i\000t\000i\000o\000n\000\040\000a\000n\000d\000\040\000P\000r\000o\000p\000e\000r\000t\000i\000e\000s}{section.10}% 140
\BOOKMARK [3][-]{subsubsection.10.2.1}{\376\377\000A\000V\000L\000\040\000P\000r\000o\000p\000e\000r\000t\000y}{subsection.10.2}% 141
\BOOKMARK [3][-]{subsubsection.10.2.2}{\376\377\000H\000e\000i\000g\000h\000t\000\040\000A\000n\000a\000l\000y\000s\000i\000s}{subsection.10.2}% 142
\BOOKMARK [2][-]{subsection.10.3}{\376\377\000R\000o\000t\000a\000t\000i\000o\000n\000s}{section.10}% 143
\BOOKMARK [3][-]{subsubsection.10.3.1}{\376\377\000R\000i\000g\000h\000t\000\040\000R\000o\000t\000a\000t\000i\000o\000n}{subsection.10.3}% 144
\BOOKMARK [3][-]{subsubsection.10.3.2}{\376\377\000L\000e\000f\000t\000\040\000R\000o\000t\000a\000t\000i\000o\000n}{subsection.10.3}% 145
\BOOKMARK [2][-]{subsection.10.4}{\376\377\000I\000n\000s\000e\000r\000t\000i\000o\000n}{section.10}% 146
\BOOKMARK [3][-]{subsubsection.10.4.1}{\376\377\000C\000a\000s\000e\000\040\0001\000:\000\040\000L\000e\000f\000t\000-\000L\000e\000f\000t\000\040\000\050\000L\000L\000\051}{subsection.10.4}% 147
\BOOKMARK [3][-]{subsubsection.10.4.2}{\376\377\000C\000a\000s\000e\000\040\0002\000:\000\040\000R\000i\000g\000h\000t\000-\000R\000i\000g\000h\000t\000\040\000\050\000R\000R\000\051}{subsection.10.4}% 148
\BOOKMARK [3][-]{subsubsection.10.4.3}{\376\377\000C\000a\000s\000e\000\040\0003\000:\000\040\000L\000e\000f\000t\000-\000R\000i\000g\000h\000t\000\040\000\050\000L\000R\000\051}{subsection.10.4}% 149
\BOOKMARK [3][-]{subsubsection.10.4.4}{\376\377\000C\000a\000s\000e\000\040\0004\000:\000\040\000R\000i\000g\000h\000t\000-\000L\000e\000f\000t\000\040\000\050\000R\000L\000\051}{subsection.10.4}% 150
\BOOKMARK [2][-]{subsection.10.5}{\376\377\000D\000e\000l\000e\000t\000i\000o\000n}{section.10}% 151
\BOOKMARK [3][-]{subsubsection.10.5.1}{\376\377\000P\000r\000o\000p\000a\000g\000a\000t\000i\000o\000n\000\040\000o\000f\000\040\000I\000m\000b\000a\000l\000a\000n\000c\000e}{subsection.10.5}% 152
\BOOKMARK [2][-]{subsection.10.6}{\376\377\000S\000u\000m\000m\000a\000r\000y}{section.10}% 153
\BOOKMARK [1][-]{section.11}{\376\377\000D\000y\000n\000a\000m\000i\000c\000\040\000P\000r\000o\000g\000r\000a\000m\000m\000i\000n\000g}{}% 154
\BOOKMARK [2][-]{subsection.11.1}{\376\377\000T\000h\000e\000\040\000P\000a\000r\000a\000d\000i\000g\000m\000\040\000S\000h\000i\000f\000t}{section.11}% 155
\BOOKMARK [3][-]{subsubsection.11.1.1}{\376\377\000M\000o\000t\000i\000v\000a\000t\000i\000o\000n\000:\000\040\000D\000i\000v\000i\000d\000e\000-\000a\000n\000d\000-\000C\000o\000n\000q\000u\000e\000r\000\040\000v\000s\000.\000\040\000D\000y\000n\000a\000m\000i\000c\000\040\000P\000r\000o\000g\000r\000a\000m\000m\000i\000n\000g}{subsection.11.1}% 156
\BOOKMARK [2][-]{subsection.11.2}{\376\377\000M\000o\000t\000i\000v\000a\000t\000i\000n\000g\000\040\000E\000x\000a\000m\000p\000l\000e\000:\000\040\000F\000i\000b\000o\000n\000a\000c\000c\000i\000\040\000N\000u\000m\000b\000e\000r\000s}{section.11}% 157
\BOOKMARK [3][-]{subsubsection.11.2.1}{\376\377\000T\000h\000e\000\040\000N\000a\000i\000v\000e\000\040\000R\000e\000c\000u\000r\000s\000i\000v\000e\000\040\000A\000p\000p\000r\000o\000a\000c\000h}{subsection.11.2}% 158
\BOOKMARK [3][-]{subsubsection.11.2.2}{\376\377\000T\000h\000e\000\040\000D\000P\000\040\000A\000p\000p\000r\000o\000a\000c\000h\000\040\000\050\000M\000e\000m\000o\000i\000z\000a\000t\000i\000o\000n\000\051}{subsection.11.2}% 159
\BOOKMARK [2][-]{subsection.11.3}{\376\377\000C\000a\000s\000e\000\040\000S\000t\000u\000d\000y\000:\000\040\000R\000o\000d\000\040\000C\000u\000t\000t\000i\000n\000g\000\040\000P\000r\000o\000b\000l\000e\000m}{section.11}% 160
\BOOKMARK [3][-]{subsubsection.11.3.1}{\376\377\000P\000r\000o\000b\000l\000e\000m\000\040\000D\000e\000f\000i\000n\000i\000t\000i\000o\000n}{subsection.11.3}% 161
\BOOKMARK [3][-]{subsubsection.11.3.2}{\376\377\000A\000p\000p\000r\000o\000a\000c\000h\000\040\0001\000:\000\040\000T\000o\000p\000-\000D\000o\000w\000n\000\040\000w\000i\000t\000h\000\040\000M\000e\000m\000o\000i\000z\000a\000t\000i\000o\000n}{subsection.11.3}% 162
\BOOKMARK [3][-]{subsubsection.11.3.3}{\376\377\000A\000p\000p\000r\000o\000a\000c\000h\000\040\0002\000:\000\040\000B\000o\000t\000t\000o\000m\000-\000U\000p\000\040\000\050\000T\000a\000b\000u\000l\000a\000t\000i\000o\000n\000\051}{subsection.11.3}% 163
\BOOKMARK [2][-]{subsection.11.4}{\376\377\000R\000e\000c\000o\000n\000s\000t\000r\000u\000c\000t\000i\000n\000g\000\040\000t\000h\000e\000\040\000S\000o\000l\000u\000t\000i\000o\000n}{section.11}% 164
\BOOKMARK [3][-]{subsubsection.11.4.1}{\376\377\000P\000r\000i\000n\000t\000i\000n\000g\000\040\000t\000h\000e\000\040\000C\000u\000t\000s}{subsection.11.4}% 165
\BOOKMARK [2][-]{subsection.11.5}{\376\377\000T\000h\000e\000o\000r\000e\000t\000i\000c\000a\000l\000\040\000F\000o\000u\000n\000d\000a\000t\000i\000o\000n\000s}{section.11}% 166
\BOOKMARK [3][-]{subsubsection.11.5.1}{\376\377\000O\000p\000t\000i\000m\000a\000l\000\040\000S\000u\000b\000s\000t\000r\000u\000c\000t\000u\000r\000e}{subsection.11.5}% 167
\BOOKMARK [3][-]{subsubsection.11.5.2}{\376\377\000O\000v\000e\000r\000l\000a\000p\000p\000i\000n\000g\000\040\000S\000u\000b\000p\000r\000o\000b\000l\000e\000m\000s}{subsection.11.5}% 168
\BOOKMARK [2][-]{subsection.11.6}{\376\377\000S\000u\000m\000m\000a\000r\000y\000\040\000C\000o\000m\000p\000a\000r\000i\000s\000o\000n}{section.11}% 169
\BOOKMARK [1][-]{section.12}{\376\377\000G\000r\000e\000e\000d\000y\000\040\000A\000l\000g\000o\000r\000i\000t\000h\000m\000s}{}% 170
\BOOKMARK [2][-]{subsection.12.1}{\376\377\000T\000h\000e\000\040\000P\000h\000i\000l\000o\000s\000o\000p\000h\000y\000\040\000o\000f\000\040\000G\000r\000e\000e\000d}{section.12}% 171
\BOOKMARK [3][-]{subsubsection.12.1.1}{\376\377\000C\000o\000r\000e\000\040\000C\000o\000n\000c\000e\000p\000t}{subsection.12.1}% 172
\BOOKMARK [3][-]{subsubsection.12.1.2}{\376\377\000C\000o\000m\000p\000a\000r\000i\000s\000o\000n\000\040\000w\000i\000t\000h\000\040\000D\000y\000n\000a\000m\000i\000c\000\040\000P\000r\000o\000g\000r\000a\000m\000m\000i\000n\000g}{subsection.12.1}% 173
\BOOKMARK [2][-]{subsection.12.2}{\376\377\000C\000a\000s\000e\000\040\000S\000t\000u\000d\000y\000:\000\040\000A\000c\000t\000i\000v\000i\000t\000y\000\040\000S\000e\000l\000e\000c\000t\000i\000o\000n\000\040\000P\000r\000o\000b\000l\000e\000m}{section.12}% 174
\BOOKMARK [3][-]{subsubsection.12.2.1}{\376\377\000T\000h\000e\000\040\000P\000r\000o\000b\000l\000e\000m}{subsection.12.2}% 175
\BOOKMARK [3][-]{subsubsection.12.2.2}{\376\377\000T\000h\000e\000\040\000G\000r\000e\000e\000d\000y\000\040\000S\000t\000r\000a\000t\000e\000g\000y}{subsection.12.2}% 176
\BOOKMARK [3][-]{subsubsection.12.2.3}{\376\377\000R\000u\000n\000t\000i\000m\000e\000\040\000A\000n\000a\000l\000y\000s\000i\000s}{subsection.12.2}% 177
\BOOKMARK [2][-]{subsection.12.3}{\376\377\000T\000h\000e\000o\000r\000e\000t\000i\000c\000a\000l\000\040\000F\000o\000u\000n\000d\000a\000t\000i\000o\000n\000s}{section.12}% 178
\BOOKMARK [3][-]{subsubsection.12.3.1}{\376\377\000G\000r\000e\000e\000d\000y\000\040\000C\000h\000o\000i\000c\000e\000\040\000P\000r\000o\000p\000e\000r\000t\000y}{subsection.12.3}% 179
\BOOKMARK [3][-]{subsubsection.12.3.2}{\376\377\000O\000p\000t\000i\000m\000a\000l\000\040\000S\000u\000b\000s\000t\000r\000u\000c\000t\000u\000r\000e}{subsection.12.3}% 180
\BOOKMARK [2][-]{subsection.12.4}{\376\377\000T\000h\000e\000\040\000T\000a\000l\000e\000\040\000o\000f\000\040\000T\000w\000o\000\040\000K\000n\000a\000p\000s\000a\000c\000k\000s}{section.12}% 181
\BOOKMARK [3][-]{subsubsection.12.4.1}{\376\377\000P\000r\000o\000b\000l\000e\000m\000\040\000D\000e\000f\000i\000n\000i\000t\000i\000o\000n\000s}{subsection.12.4}% 182
\BOOKMARK [3][-]{subsubsection.12.4.2}{\376\377\000T\000h\000e\000\040\000G\000r\000e\000e\000d\000y\000\040\000S\000t\000r\000a\000t\000e\000g\000y\000:\000\040\000V\000a\000l\000u\000e\000\040\000D\000e\000n\000s\000i\000t\000y}{subsection.12.4}% 183
\BOOKMARK [3][-]{subsubsection.12.4.3}{\376\377\000A\000n\000a\000l\000y\000s\000i\000s\000:\000\040\000W\000h\000y\000\040\000G\000r\000e\000e\000d\000y\000\040\000F\000a\000i\000l\000s\000\040\000f\000o\000r\000\040\0000\000-\0001\000\040\000K\000n\000a\000p\000s\000a\000c\000k}{subsection.12.4}% 184
\BOOKMARK [3][-]{subsubsection.12.4.4}{\376\377\000A\000n\000a\000l\000y\000s\000i\000s\000:\000\040\000W\000h\000y\000\040\000G\000r\000e\000e\000d\000y\000\040\000W\000o\000r\000k\000s\000\040\000f\000o\000r\000\040\000F\000r\000a\000c\000t\000i\000o\000n\000a\000l\000\040\000K\000n\000a\000p\000s\000a\000c\000k}{subsection.12.4}% 185
\BOOKMARK [2][-]{subsection.12.5}{\376\377\0005\000.\000\040\000S\000u\000m\000m\000a\000r\000y\000\040\000C\000o\000m\000p\000a\000r\000i\000s\000o\000n}{section.12}% 186
\BOOKMARK [1][-]{section.13}{\376\377\000E\000l\000e\000m\000e\000n\000t\000a\000r\000y\000\040\000G\000r\000a\000p\000h\000\040\000A\000l\000g\000o\000r\000i\000t\000h\000m\000s}{}% 187
\BOOKMARK [2][-]{subsection.13.1}{\376\377\000G\000r\000a\000p\000h\000\040\000R\000e\000p\000r\000e\000s\000e\000n\000t\000a\000t\000i\000o\000n\000s}{section.13}% 188
\BOOKMARK [3][-]{subsubsection.13.1.1}{\376\377\000A\000d\000j\000a\000c\000e\000n\000c\000y\000\040\000L\000i\000s\000t\000s}{subsection.13.1}% 189
\BOOKMARK [3][-]{subsubsection.13.1.2}{\376\377\000A\000d\000j\000a\000c\000e\000n\000c\000y\000\040\000M\000a\000t\000r\000i\000x}{subsection.13.1}% 190
\BOOKMARK [2][-]{subsection.13.2}{\376\377\000B\000r\000e\000a\000d\000t\000h\000-\000F\000i\000r\000s\000t\000\040\000S\000e\000a\000r\000c\000h\000\040\000\050\000B\000F\000S\000\051}{section.13}% 191
\BOOKMARK [3][-]{subsubsection.13.2.1}{\376\377\000A\000l\000g\000o\000r\000i\000t\000h\000m}{subsection.13.2}% 192
\BOOKMARK [3][-]{subsubsection.13.2.2}{\376\377\000A\000n\000a\000l\000y\000s\000i\000s}{subsection.13.2}% 193
\BOOKMARK [2][-]{subsection.13.3}{\376\377\000D\000e\000p\000t\000h\000-\000F\000i\000r\000s\000t\000\040\000S\000e\000a\000r\000c\000h\000\040\000\050\000D\000F\000S\000\051}{section.13}% 194
\BOOKMARK [3][-]{subsubsection.13.3.1}{\376\377\000A\000l\000g\000o\000r\000i\000t\000h\000m}{subsection.13.3}% 195
\BOOKMARK [3][-]{subsubsection.13.3.2}{\376\377\000A\000n\000a\000l\000y\000s\000i\000s}{subsection.13.3}% 196
\BOOKMARK [3][-]{subsubsection.13.3.3}{\376\377\000E\000d\000g\000e\000\040\000C\000l\000a\000s\000s\000i\000f\000i\000c\000a\000t\000i\000o\000n}{subsection.13.3}% 197
\BOOKMARK [2][-]{subsection.13.4}{\376\377\000A\000p\000p\000l\000i\000c\000a\000t\000i\000o\000n\000s\000\040\000o\000f\000\040\000D\000F\000S}{section.13}% 198
\BOOKMARK [3][-]{subsubsection.13.4.1}{\376\377\000T\000o\000p\000o\000l\000o\000g\000i\000c\000a\000l\000\040\000S\000o\000r\000t}{subsection.13.4}% 199
\BOOKMARK [3][-]{subsubsection.13.4.2}{\376\377\000S\000t\000r\000o\000n\000g\000l\000y\000\040\000C\000o\000n\000n\000e\000c\000t\000e\000d\000\040\000C\000o\000m\000p\000o\000n\000e\000n\000t\000s\000\040\000\050\000S\000C\000C\000\051}{subsection.13.4}% 200
\BOOKMARK [1][-]{section.14}{\376\377\000D\000e\000p\000t\000h\000\040\000F\000i\000r\000s\000t\000\040\000S\000e\000a\000r\000c\000h\000\040\000\046\000\040\000A\000p\000p\000l\000i\000c\000a\000t\000i\000o\000n\000s}{}% 201
\BOOKMARK [2][-]{subsection.14.1}{\376\377\000R\000e\000v\000i\000e\000w\000\040\000o\000f\000\040\000D\000F\000S}{section.14}% 202
\BOOKMARK [2][-]{subsection.14.2}{\376\377\000P\000r\000o\000p\000e\000r\000t\000i\000e\000s\000\040\000o\000f\000\040\000D\000F\000S}{section.14}% 203
\BOOKMARK [3][-]{subsubsection.14.2.1}{\376\377\000P\000a\000r\000e\000n\000t\000h\000e\000s\000i\000s\000\040\000S\000t\000r\000u\000c\000t\000u\000r\000e}{subsection.14.2}% 204
\BOOKMARK [3][-]{subsubsection.14.2.2}{\376\377\000W\000h\000i\000t\000e\000-\000P\000a\000t\000h\000\040\000T\000h\000e\000o\000r\000e\000m}{subsection.14.2}% 205
\BOOKMARK [3][-]{subsubsection.14.2.3}{\376\377\000E\000d\000g\000e\000\040\000C\000l\000a\000s\000s\000i\000f\000i\000c\000a\000t\000i\000o\000n}{subsection.14.2}% 206
\BOOKMARK [2][-]{subsection.14.3}{\376\377\000A\000p\000p\000l\000i\000c\000a\000t\000i\000o\000n\000s}{section.14}% 207
\BOOKMARK [3][-]{subsubsection.14.3.1}{\376\377\000C\000y\000c\000l\000e\000\040\000D\000e\000t\000e\000c\000t\000i\000o\000n}{subsection.14.3}% 208
\BOOKMARK [3][-]{subsubsection.14.3.2}{\376\377\000T\000o\000p\000o\000l\000o\000g\000i\000c\000a\000l\000\040\000S\000o\000r\000t}{subsection.14.3}% 209
\BOOKMARK [3][-]{subsubsection.14.3.3}{\376\377\000S\000t\000r\000o\000n\000g\000l\000y\000\040\000C\000o\000n\000n\000e\000c\000t\000e\000d\000\040\000C\000o\000m\000p\000o\000n\000e\000n\000t\000s\000\040\000\050\000S\000C\000C\000\051}{subsection.14.3}% 210
\BOOKMARK [1][-]{section.15}{\376\377\000M\000i\000n\000i\000m\000u\000m\000\040\000S\000p\000a\000n\000n\000i\000n\000g\000\040\000T\000r\000e\000e\000s\000\040\000a\000n\000d\000\040\000S\000h\000o\000r\000t\000e\000s\000t\000\040\000P\000a\000t\000h\000s}{}% 211
\BOOKMARK [2][-]{subsection.15.1}{\376\377\000M\000i\000n\000i\000m\000u\000m\000\040\000S\000p\000a\000n\000n\000i\000n\000g\000\040\000T\000r\000e\000e\000s\000\040\000\050\000M\000S\000T\000\051}{section.15}% 212
\BOOKMARK [3][-]{subsubsection.15.1.1}{\376\377\000P\000r\000o\000b\000l\000e\000m\000\040\000D\000e\000f\000i\000n\000i\000t\000i\000o\000n}{subsection.15.1}% 213
\BOOKMARK [3][-]{subsubsection.15.1.2}{\376\377\000G\000e\000n\000e\000r\000i\000c\000\040\000G\000r\000e\000e\000d\000y\000\040\000A\000p\000p\000r\000o\000a\000c\000h}{subsection.15.1}% 214
\BOOKMARK [2][-]{subsection.15.2}{\376\377\000K\000r\000u\000s\000k\000a\000l\000'\000s\000\040\000A\000l\000g\000o\000r\000i\000t\000h\000m}{section.15}% 215
\BOOKMARK [3][-]{subsubsection.15.2.1}{\376\377\000D\000i\000s\000j\000o\000i\000n\000t\000\040\000S\000e\000t\000\040\000D\000a\000t\000a\000\040\000S\000t\000r\000u\000c\000t\000u\000r\000e}{subsection.15.2}% 216
\BOOKMARK [3][-]{subsubsection.15.2.2}{\376\377\000A\000n\000a\000l\000y\000s\000i\000s}{subsection.15.2}% 217
\BOOKMARK [2][-]{subsection.15.3}{\376\377\000P\000r\000i\000m\000'\000s\000\040\000A\000l\000g\000o\000r\000i\000t\000h\000m}{section.15}% 218
\BOOKMARK [3][-]{subsubsection.15.3.1}{\376\377\000A\000n\000a\000l\000y\000s\000i\000s}{subsection.15.3}% 219
\BOOKMARK [2][-]{subsection.15.4}{\376\377\000S\000i\000n\000g\000l\000e\000-\000S\000o\000u\000r\000c\000e\000\040\000S\000h\000o\000r\000t\000e\000s\000t\000\040\000P\000a\000t\000h\000s}{section.15}% 220
\BOOKMARK [3][-]{subsubsection.15.4.1}{\376\377\000R\000e\000l\000a\000x\000a\000t\000i\000o\000n}{subsection.15.4}% 221
\BOOKMARK [2][-]{subsection.15.5}{\376\377\000D\000i\000j\000k\000s\000t\000r\000a\000'\000s\000\040\000A\000l\000g\000o\000r\000i\000t\000h\000m}{section.15}% 222
\BOOKMARK [3][-]{subsubsection.15.5.1}{\376\377\000C\000o\000r\000r\000e\000c\000t\000n\000e\000s\000s}{subsection.15.5}% 223
\BOOKMARK [3][-]{subsubsection.15.5.2}{\376\377\000A\000n\000a\000l\000y\000s\000i\000s}{subsection.15.5}% 224
\BOOKMARK [2][-]{subsection.15.6}{\376\377\000S\000u\000m\000m\000a\000r\000y\000\040\000o\000f\000\040\000A\000l\000g\000o\000r\000i\000t\000h\000m\000s}{section.15}% 225
\BOOKMARK [1][-]{section*.2}{\376\377\000I\000n\000d\000e\000x}{}% 226
